<?xml version="1.0" encoding="UTF-8"?>
<!-- Generated by org.testng.reporters.JUnitXMLReporter -->
<testsuite hostname="RSUMW840G3P0005" ignored="0" name="Close Applications" tests="4" failures="0" timestamp="04 Mar 2019 16:19:01 GMT" time="15.399" errors="0">
  <testcase name="closeBrowser" time="0.874" classname="screenshots.CloseUp"/>
  <testcase name="location" time="0.001" classname="screenshots.StartUp"/>
  <testcase name="setup" time="11.03" classname="screenshots.StartUp"/>
  <testcase name="startBrowser" time="3.487" classname="screenshots.StartUp"/>
</testsuite> <!-- Close Applications -->
