<?xml version="1.0" encoding="UTF-8"?>
<!-- Generated by org.testng.reporters.JUnitXMLReporter -->
<testsuite hostname="RSUMW840G3P0005" ignored="0" tests="0" failures="0" timestamp="04 Mar 2019 16:00:35 GMT" time="0.001" errors="0">
  <testcase name="@BeforeSuite location" time="0.0" classname="screenshots.StartUp">
    <failure type="org.testng.TestNGException" message="
Parameter &amp;apos;language&amp;apos; is required by BeforeSuite on method location but has not been marked @Optional or defined
in C:\Users\goundark\eclipse-workspace\DP200\testng.xml">
      <![CDATA[org.testng.TestNGException: 
Parameter 'language' is required by BeforeSuite on method location but has not been marked @Optional or defined
in C:\Users\goundark\eclipse-workspace\DP200\testng.xml
... Removed 17 stack frames]]>
    </failure>
  </testcase> <!-- @BeforeSuite location -->
  <testcase name="@BeforeSuite setup" time="0.0" classname="screenshots.StartUp">
    <skipped/>
  </testcase> <!-- @BeforeSuite setup -->
  <testcase name="@BeforeSuite startBrowser" time="0.0" classname="screenshots.StartUp">
    <skipped/>
  </testcase> <!-- @BeforeSuite startBrowser -->
</testsuite>
