<?xml version="1.0" encoding="UTF-8"?>
<!-- Generated by org.testng.reporters.JUnitXMLReporter -->
<testsuite hostname="RSUMW840G3P0005" ignored="2" name="ScreenShot Capture Test" tests="2" failures="0" timestamp="08 Mar 2019 01:26:37 GMT" time="31.747" errors="0">
  <testcase name="CaptureSettings_InsertTray" time="3.726" classname="screenshots.CaptureSettings"/>
  <testcase name="CaptureSettings_OutputFolder" time="27.984" classname="screenshots.CaptureSettings"/>
  <testcase name="CaptureSettings_MultipleValues" time="0.0" classname="screenshots.CaptureSettings">
    <ignored/>
  </testcase> <!-- CaptureSettings_MultipleValues -->
  <testcase name="CaptureSettings_ScanMethod" time="0.0" classname="screenshots.CaptureSettings">
    <ignored/>
  </testcase> <!-- CaptureSettings_ScanMethod -->
</testsuite> <!-- ScreenShot Capture Test -->
